<?xml version="1.0" encoding="UTF-8"?>
<testng-results ignored="0" total="1" passed="1" failed="0" skipped="0">
  <reporter-output>
    <line>
      <![CDATA[Tc2 Running]]>
    </line>
  </reporter-output>
  <suite started-at="2023-10-05T18:35:59 IST" name="Suite" finished-at="2023-10-05T18:35:59 IST" duration-ms="156">
    <groups>
    </groups>
    <test started-at="2023-10-05T18:35:59 IST" name="Test" finished-at="2023-10-05T18:35:59 IST" duration-ms="156">
      <class name="test.Tc2Test">
        <test-method signature="m2()[pri:0, instance:test.Tc2Test@20ccf40b]" started-at="2023-10-05T18:35:59 IST" name="m2" finished-at="2023-10-05T18:35:59 IST" duration-ms="23" status="PASS">
          <reporter-output>
            <line>
              <![CDATA[Tc2 Running]]>
            </line>
          </reporter-output>
        </test-method> <!-- m2 -->
      </class> <!-- test.Tc2Test -->
    </test> <!-- Test -->
  </suite> <!-- Suite -->
</testng-results>
